2016/11/07 11:19:29 [clerk:1] kvraft.(*Clerk).PutAppend Request for Put Key:4 Value: to server 3
2016/11/07 11:19:29 [clerk:4] kvraft.(*Clerk).PutAppend Request for Put Key:3 Value: to server 3
2016/11/07 11:19:29 [clerk:5] kvraft.(*Clerk).PutAppend Request for Put Key:2 Value: to server 4
2016/11/07 11:19:29 [clerk:2] kvraft.(*Clerk).PutAppend Request for Put Key:1 Value: to server 4
2016/11/07 11:19:29 [clerk:3] kvraft.(*Clerk).PutAppend Request for Put Key:0 Value: to server 3
2016/11/07 11:19:29 [clerk:5] kvraft.(*Clerk).PutAppend Request for Put Key:2 Value: to server 1
2016/11/07 11:19:29 [clerk:5] kvraft.(*Clerk).PutAppend PutAppend() failed.
2016/11/07 11:19:29 [clerk:5] kvraft.(*Clerk).PutAppend Request for Put Key:2 Value: to server 3
2016/11/07 11:19:29 [clerk:2] kvraft.(*Clerk).PutAppend Request for Put Key:1 Value: to server 1
2016/11/07 11:19:29 [clerk:2] kvraft.(*Clerk).PutAppend Request for Put Key:1 Value: to server 2
2016/11/07 11:19:29 [clerk:1] kvraft.(*Clerk).PutAppend Request for Put Key:4 Value: to server 1
2016/11/07 11:19:29 [clerk:3] kvraft.(*Clerk).PutAppend Request for Put Key:0 Value: to server 3
2016/11/07 11:19:29 [clerk:2] kvraft.(*Clerk).PutAppend Request for Put Key:1 Value: to server 0
2016/11/07 11:19:29 [clerk:4] kvraft.(*Clerk).PutAppend Request for Put Key:3 Value: to server 0
2016/11/07 11:19:29 [clerk:5] kvraft.(*Clerk).PutAppend PutAppend() failed.
2016/11/07 11:19:29 [clerk:5] kvraft.(*Clerk).PutAppend Request for Put Key:2 Value: to server 4
2016/11/07 11:19:29 [clerk:4] kvraft.(*Clerk).PutAppend Request for Put Key:3 Value: to server 3
2016/11/07 11:19:29 [clerk:1] kvraft.(*Clerk).PutAppend Request for Put Key:4 Value: to server 1
2016/11/07 11:19:29 [clerk:4] kvraft.(*Clerk).PutAppend Request for Put Key:3 Value: to server 3
2016/11/07 11:19:29 [clerk:2] kvraft.(*Clerk).PutAppend Request for Put Key:1 Value: to server 4
2016/11/07 11:19:29 [clerk:3] kvraft.(*Clerk).PutAppend PutAppend() failed.
2016/11/07 11:19:29 [clerk:3] kvraft.(*Clerk).PutAppend Request for Put Key:0 Value: to server 2
2016/11/07 11:19:29 [clerk:5] kvraft.(*Clerk).PutAppend PutAppend() failed.
2016/11/07 11:19:29 [clerk:5] kvraft.(*Clerk).PutAppend Request for Put Key:2 Value: to server 3
2016/11/07 11:19:29 [clerk:1] kvraft.(*Clerk).PutAppend PutAppend() failed.
2016/11/07 11:19:29 [clerk:1] kvraft.(*Clerk).PutAppend Request for Put Key:4 Value: to server 3
2016/11/07 11:19:29 [clerk:2] kvraft.(*Clerk).PutAppend Request for Put Key:1 Value: to server 4
2016/11/07 11:19:29 [clerk:4] kvraft.(*Clerk).PutAppend PutAppend() failed.
2016/11/07 11:19:29 [clerk:4] kvraft.(*Clerk).PutAppend Request for Put Key:3 Value: to server 4
2016/11/07 11:19:29 [clerk:5] kvraft.(*Clerk).PutAppend Request for Put Key:2 Value: to server 1
2016/11/07 11:19:29 [clerk:5] kvraft.(*Clerk).PutAppend Request for Put Key:2 Value: to server 2
2016/11/07 11:19:29 [clerk:3] kvraft.(*Clerk).PutAppend Request for Put Key:0 Value: to server 3
2016/11/07 11:19:29 [clerk:2] kvraft.(*Clerk).PutAppend PutAppend() failed.
2016/11/07 11:19:29 [clerk:2] kvraft.(*Clerk).PutAppend Request for Put Key:1 Value: to server 4
2016/11/07 11:19:29 [clerk:1] kvraft.(*Clerk).PutAppend Request for Put Key:4 Value: to server 4
2016/11/07 11:19:29 [clerk:4] kvraft.(*Clerk).PutAppend Request for Put Key:3 Value: to server 1
2016/11/07 11:19:29 [clerk:2] kvraft.(*Clerk).PutAppend PutAppend() failed.
2016/11/07 11:19:29 [clerk:2] kvraft.(*Clerk).PutAppend Request for Put Key:1 Value: to server 1
2016/11/07 11:19:29 [clerk:1] kvraft.(*Clerk).PutAppend Request for Put Key:4 Value: to server 2
2016/11/07 11:19:29 [clerk:2] kvraft.(*Clerk).PutAppend Request for Put Key:1 Value: to server 1
2016/11/07 11:19:29 [clerk:3] kvraft.(*Clerk).PutAppend Request for Put Key:0 Value: to server 3
2016/11/07 11:19:29 [clerk:5] kvraft.(*Clerk).PutAppend Request for Put Key:2 Value: to server 2
2016/11/07 11:19:29 [clerk:3] kvraft.(*Clerk).PutAppend Request for Put Key:0 Value: to server 3
2016/11/07 11:19:29 [clerk:4] kvraft.(*Clerk).PutAppend Request for Put Key:3 Value: to server 1
2016/11/07 11:19:29 [clerk:2] kvraft.(*Clerk).PutAppend Request for Put Key:1 Value: to server 3
2016/11/07 11:19:29 [clerk:3] kvraft.(*Clerk).PutAppend Request for Put Key:0 Value: to server 0
2016/11/07 11:19:29 [clerk:1] kvraft.(*Clerk).PutAppend Request for Put Key:4 Value: to server 0
2016/11/07 11:19:29 [clerk:5] kvraft.(*Clerk).PutAppend Request for Put Key:2 Value: to server 4
2016/11/07 11:19:29 [clerk:4] kvraft.(*Clerk).PutAppend Request for Put Key:3 Value: to server 4
2016/11/07 11:19:29 [clerk:1] kvraft.(*Clerk).PutAppend PutAppend() failed.
2016/11/07 11:19:29 [clerk:1] kvraft.(*Clerk).PutAppend Request for Put Key:4 Value: to server 2
2016/11/07 11:19:29 [clerk:3] kvraft.(*Clerk).PutAppend Request for Put Key:0 Value: to server 2
2016/11/07 11:19:29 [clerk:4] kvraft.(*Clerk).PutAppend Request for Put Key:3 Value: to server 1
2016/11/07 11:19:29 [clerk:5] kvraft.(*Clerk).PutAppend Request for Put Key:2 Value: to server 4
2016/11/07 11:19:29 [clerk:1] kvraft.(*Clerk).PutAppend Request for Put Key:4 Value: to server 2
2016/11/07 11:19:29 [clerk:2] kvraft.(*Clerk).PutAppend Request for Put Key:1 Value: to server 3
2016/11/07 11:19:29 [clerk:3] kvraft.(*Clerk).PutAppend Request for Put Key:0 Value: to server 4
2016/11/07 11:19:29 [clerk:4] kvraft.(*Clerk).PutAppend Request for Put Key:3 Value: to server 0
2016/11/07 11:19:29 [clerk:4] kvraft.(*Clerk).PutAppend Request for Put Key:3 Value: to server 4
2016/11/07 11:19:29 [clerk:5] kvraft.(*Clerk).PutAppend Request for Put Key:2 Value: to server 2
2016/11/07 11:19:29 [clerk:2] kvraft.(*Clerk).PutAppend PutAppend() failed.
2016/11/07 11:19:29 [clerk:2] kvraft.(*Clerk).PutAppend Request for Put Key:1 Value: to server 2
2016/11/07 11:19:29 [clerk:1] kvraft.(*Clerk).PutAppend Request for Put Key:4 Value: to server 0
2016/11/07 11:19:29 [clerk:2] kvraft.(*Clerk).PutAppend Request for Put Key:1 Value: to server 4
2016/11/07 11:19:29 [clerk:4] kvraft.(*Clerk).PutAppend Request for Put Key:3 Value: to server 0
2016/11/07 11:19:29 [clerk:5] kvraft.(*Clerk).PutAppend Request for Put Key:2 Value: to server 3
2016/11/07 11:19:29 [clerk:3] kvraft.(*Clerk).PutAppend Request for Put Key:0 Value: to server 3
2016/11/07 11:19:29 [clerk:1] kvraft.(*Clerk).PutAppend Request for Put Key:4 Value: to server 0
2016/11/07 11:19:29 [clerk:4] kvraft.(*Clerk).PutAppend Request for Put Key:3 Value: to server 2
2016/11/07 11:19:29 [clerk:4] kvraft.(*Clerk).PutAppend PutAppend() failed.
2016/11/07 11:19:29 [clerk:4] kvraft.(*Clerk).PutAppend Request for Put Key:3 Value: to server 1
2016/11/07 11:19:29 [clerk:4] kvraft.(*Clerk).PutAppend PutAppend() failed.
2016/11/07 11:19:29 [clerk:4] kvraft.(*Clerk).PutAppend Request for Put Key:3 Value: to server 2
2016/11/07 11:19:29 [clerk:3] kvraft.(*Clerk).PutAppend PutAppend() failed.
2016/11/07 11:19:29 [clerk:3] kvraft.(*Clerk).PutAppend Request for Put Key:0 Value: to server 1
2016/11/07 11:19:29 [clerk:5] kvraft.(*Clerk).PutAppend Request for Put Key:2 Value: to server 2
2016/11/07 11:19:29 [clerk:2] kvraft.(*Clerk).PutAppend Request for Put Key:1 Value: to server 1
2016/11/07 11:19:29 [clerk:5] kvraft.(*Clerk).PutAppend Request for Put Key:2 Value: to server 1
2016/11/07 11:19:29 [clerk:2] kvraft.(*Clerk).PutAppend Request for Put Key:1 Value: to server 4
2016/11/07 11:19:29 [clerk:4] kvraft.(*Clerk).PutAppend Request for Put Key:3 Value: to server 1
2016/11/07 11:19:29 [clerk:2] kvraft.(*Clerk).PutAppend Request for Put Key:1 Value: to server 1
2016/11/07 11:19:29 [clerk:1] kvraft.(*Clerk).PutAppend Request for Put Key:4 Value: to server 3
2016/11/07 11:19:29 [clerk:1] kvraft.(*Clerk).PutAppend Request for Put Key:4 Value: to server 1
2016/11/07 11:19:29 [clerk:2] kvraft.(*Clerk).PutAppend Request for Put Key:1 Value: to server 1
2016/11/07 11:19:29 [clerk:3] kvraft.(*Clerk).PutAppend PutAppend() failed.
2016/11/07 11:19:29 [clerk:3] kvraft.(*Clerk).PutAppend Request for Put Key:0 Value: to server 3
2016/11/07 11:19:29 [clerk:5] kvraft.(*Clerk).PutAppend Request for Put Key:2 Value: to server 3
2016/11/07 11:19:29 [clerk:5] kvraft.(*Clerk).PutAppend PutAppend() failed.
2016/11/07 11:19:29 [clerk:5] kvraft.(*Clerk).PutAppend Request for Put Key:2 Value: to server 3
2016/11/07 11:19:29 [clerk:3] kvraft.(*Clerk).PutAppend Request for Put Key:0 Value: to server 4
2016/11/07 11:19:29 [clerk:4] kvraft.(*Clerk).PutAppend Request for Put Key:3 Value: to server 1
2016/11/07 11:19:29 [clerk:1] kvraft.(*Clerk).PutAppend PutAppend() failed.
2016/11/07 11:19:29 [clerk:1] kvraft.(*Clerk).PutAppend Request for Put Key:4 Value: to server 3
2016/11/07 11:19:29 [clerk:2] kvraft.(*Clerk).PutAppend Request for Put Key:1 Value: to server 1
2016/11/07 11:19:29 [clerk:2] kvraft.(*Clerk).PutAppend Request for Put Key:1 Value: to server 0
2016/11/07 11:19:29 [clerk:1] kvraft.(*Clerk).PutAppend Request for Put Key:4 Value: to server 1
2016/11/07 11:19:29 [clerk:1] kvraft.(*Clerk).PutAppend Request for Put Key:4 Value: to server 0
2016/11/07 11:19:29 [clerk:3] kvraft.(*Clerk).PutAppend Request for Put Key:0 Value: to server 2
2016/11/07 11:19:29 [clerk:5] kvraft.(*Clerk).PutAppend Request for Put Key:2 Value: to server 3
2016/11/07 11:19:29 [clerk:4] kvraft.(*Clerk).PutAppend Request for Put Key:3 Value: to server 0
2016/11/07 11:19:29 [clerk:5] kvraft.(*Clerk).PutAppend Request for Put Key:2 Value: to server 1
2016/11/07 11:19:29 [clerk:3] kvraft.(*Clerk).PutAppend Request for Put Key:0 Value: to server 4
2016/11/07 11:19:29 [clerk:1] kvraft.(*Clerk).PutAppend Request for Put Key:4 Value: to server 3
2016/11/07 11:19:29 [clerk:2] kvraft.(*Clerk).PutAppend Request for Put Key:1 Value: to server 4
2016/11/07 11:19:29 [clerk:4] kvraft.(*Clerk).PutAppend PutAppend() failed.
2016/11/07 11:19:29 [clerk:4] kvraft.(*Clerk).PutAppend Request for Put Key:3 Value: to server 4
2016/11/07 11:19:29 [clerk:1] kvraft.(*Clerk).PutAppend Request for Put Key:4 Value: to server 4
2016/11/07 11:19:29 [clerk:5] kvraft.(*Clerk).PutAppend PutAppend() failed.
2016/11/07 11:19:29 [clerk:5] kvraft.(*Clerk).PutAppend Request for Put Key:2 Value: to server 2
2016/11/07 11:19:29 [clerk:2] kvraft.(*Clerk).PutAppend PutAppend() failed.
2016/11/07 11:19:29 [clerk:2] kvraft.(*Clerk).PutAppend Request for Put Key:1 Value: to server 4
2016/11/07 11:19:29 [clerk:4] kvraft.(*Clerk).PutAppend Request for Put Key:3 Value: to server 0
2016/11/07 11:19:29 [clerk:3] kvraft.(*Clerk).PutAppend Request for Put Key:0 Value: to server 3
2016/11/07 11:19:29 [clerk:1] kvraft.(*Clerk).PutAppend Request for Put Key:4 Value: to server 1
2016/11/07 11:19:29 [clerk:1] kvraft.(*Clerk).PutAppend Request for Put Key:4 Value: to server 0
2016/11/07 11:19:29 [clerk:5] kvraft.(*Clerk).PutAppend Request for Put Key:2 Value: to server 0
2016/11/07 11:19:29 [clerk:3] kvraft.(*Clerk).PutAppend PutAppend() failed.
2016/11/07 11:19:29 [clerk:3] kvraft.(*Clerk).PutAppend Request for Put Key:0 Value: to server 1
2016/11/07 11:19:29 [clerk:2] kvraft.(*Clerk).PutAppend Request for Put Key:1 Value: to server 3
2016/11/07 11:19:29 [clerk:4] kvraft.(*Clerk).PutAppend Request for Put Key:3 Value: to server 0
2016/11/07 11:19:29 [clerk:5] kvraft.(*Clerk).PutAppend Request for Put Key:2 Value: to server 4
2016/11/07 11:19:29 [clerk:5] kvraft.(*Clerk).PutAppend PutAppend() failed.
2016/11/07 11:19:29 [clerk:5] kvraft.(*Clerk).PutAppend Request for Put Key:2 Value: to server 2
2016/11/07 11:19:29 [clerk:3] kvraft.(*Clerk).PutAppend PutAppend() failed.
2016/11/07 11:19:29 [clerk:3] kvraft.(*Clerk).PutAppend Request for Put Key:0 Value: to server 4
2016/11/07 11:19:29 [clerk:3] kvraft.(*Clerk).PutAppend Request for Put Key:0 Value: to server 0
2016/11/07 11:19:29 [clerk:1] kvraft.(*Clerk).PutAppend Request for Put Key:4 Value: to server 1
2016/11/07 11:19:29 [clerk:2] kvraft.(*Clerk).PutAppend Request for Put Key:1 Value: to server 4
2016/11/07 11:19:29 [clerk:5] kvraft.(*Clerk).PutAppend Request for Put Key:2 Value: to server 3
2016/11/07 11:19:29 [clerk:1] kvraft.(*Clerk).PutAppend PutAppend() failed.
2016/11/07 11:19:29 [clerk:1] kvraft.(*Clerk).PutAppend Request for Put Key:4 Value: to server 0
2016/11/07 11:19:29 [clerk:4] kvraft.(*Clerk).PutAppend Request for Put Key:3 Value: to server 0
2016/11/07 11:19:29 [clerk:3] kvraft.(*Clerk).PutAppend Request for Put Key:0 Value: to server 4
2016/11/07 11:19:29 [clerk:4] kvraft.(*Clerk).PutAppend Request for Put Key:3 Value: to server 2
2016/11/07 11:19:29 [clerk:5] kvraft.(*Clerk).PutAppend Request for Put Key:2 Value: to server 0
2016/11/07 11:19:29 [clerk:2] kvraft.(*Clerk).PutAppend Request for Put Key:1 Value: to server 3
2016/11/07 11:19:29 [clerk:1] kvraft.(*Clerk).PutAppend Request for Put Key:4 Value: to server 4
2016/11/07 11:19:29 [clerk:1] kvraft.(*Clerk).PutAppend Request for Put Key:4 Value: to server 2
2016/11/07 11:19:29 [clerk:1] kvraft.(*Clerk).PutAppend Request for Put Key:4 Value: to server 0
2016/11/07 11:19:29 [clerk:3] kvraft.(*Clerk).PutAppend PutAppend() failed.
2016/11/07 11:19:29 [clerk:3] kvraft.(*Clerk).PutAppend Request for Put Key:0 Value: to server 2
2016/11/07 11:19:29 [clerk:5] kvraft.(*Clerk).PutAppend Request for Put Key:2 Value: to server 4
2016/11/07 11:19:29 [clerk:5] kvraft.(*Clerk).PutAppend Request for Put Key:2 Value: to server 0
2016/11/07 11:19:29 [clerk:4] kvraft.(*Clerk).PutAppend Request for Put Key:3 Value: to server 2
2016/11/07 11:19:29 [clerk:1] kvraft.(*Clerk).PutAppend Request for Put Key:4 Value: to server 1
2016/11/07 11:19:29 [clerk:5] kvraft.(*Clerk).PutAppend Request for Put Key:2 Value: to server 0
2016/11/07 11:19:29 [clerk:2] kvraft.(*Clerk).PutAppend Request for Put Key:1 Value: to server 2
2016/11/07 11:19:29 [clerk:2] kvraft.(*Clerk).PutAppend Request for Put Key:1 Value: to server 4
2016/11/07 11:19:29 [clerk:4] kvraft.(*Clerk).PutAppend PutAppend() failed.
2016/11/07 11:19:29 [clerk:4] kvraft.(*Clerk).PutAppend Request for Put Key:3 Value: to server 2
2016/11/07 11:19:29 [clerk:3] kvraft.(*Clerk).PutAppend PutAppend() failed.
2016/11/07 11:19:29 [clerk:3] kvraft.(*Clerk).PutAppend Request for Put Key:0 Value: to server 4
2016/11/07 11:19:29 [clerk:4] kvraft.(*Clerk).PutAppend Request for Put Key:3 Value: to server 1
2016/11/07 11:19:29 [clerk:1] kvraft.(*Clerk).PutAppend PutAppend() failed.
2016/11/07 11:19:29 [clerk:1] kvraft.(*Clerk).PutAppend Request for Put Key:4 Value: to server 2
2016/11/07 11:19:29 [clerk:1] kvraft.(*Clerk).PutAppend PutAppend() failed.
2016/11/07 11:19:29 [clerk:1] kvraft.(*Clerk).PutAppend Request for Put Key:4 Value: to server 1
2016/11/07 11:19:29 [clerk:3] kvraft.(*Clerk).PutAppend PutAppend() failed.
2016/11/07 11:19:29 [clerk:3] kvraft.(*Clerk).PutAppend Request for Put Key:0 Value: to server 1
2016/11/07 11:19:29 [clerk:1] kvraft.(*Clerk).PutAppend Request for Put Key:4 Value: to server 1
2016/11/07 11:19:29 [clerk:5] kvraft.(*Clerk).PutAppend Request for Put Key:2 Value: to server 1
2016/11/07 11:19:29 [clerk:4] kvraft.(*Clerk).PutAppend Request for Put Key:3 Value: to server 3
2016/11/07 11:19:29 [clerk:2] kvraft.(*Clerk).PutAppend Request for Put Key:1 Value: to server 1
2016/11/07 11:19:29 [clerk:3] kvraft.(*Clerk).PutAppend Request for Put Key:0 Value: to server 2
2016/11/07 11:19:29 [clerk:5] kvraft.(*Clerk).PutAppend Request for Put Key:2 Value: to server 4
2016/11/07 11:19:29 [clerk:2] kvraft.(*Clerk).PutAppend Request for Put Key:1 Value: to server 4
2016/11/07 11:19:29 [clerk:3] kvraft.(*Clerk).PutAppend Request for Put Key:0 Value: to server 2
2016/11/07 11:19:29 [clerk:5] kvraft.(*Clerk).PutAppend Request for Put Key:2 Value: to server 1
2016/11/07 11:19:29 [clerk:4] kvraft.(*Clerk).PutAppend Request for Put Key:3 Value: to server 4
2016/11/07 11:19:29 [clerk:1] kvraft.(*Clerk).PutAppend PutAppend() failed.
2016/11/07 11:19:29 [clerk:1] kvraft.(*Clerk).PutAppend Request for Put Key:4 Value: to server 4
2016/11/07 11:19:29 [clerk:5] kvraft.(*Clerk).PutAppend Request for Put Key:2 Value: to server 4
2016/11/07 11:19:29 [clerk:3] kvraft.(*Clerk).PutAppend Request for Put Key:0 Value: to server 0
2016/11/07 11:19:29 [clerk:1] kvraft.(*Clerk).PutAppend Request for Put Key:4 Value: to server 4
2016/11/07 11:19:29 [clerk:2] kvraft.(*Clerk).PutAppend Request for Put Key:1 Value: to server 2
2016/11/07 11:19:29 [clerk:1] kvraft.(*Clerk).PutAppend Request for Put Key:4 Value: to server 1
2016/11/07 11:19:29 [clerk:4] kvraft.(*Clerk).PutAppend PutAppend() failed.
2016/11/07 11:19:29 [clerk:4] kvraft.(*Clerk).PutAppend Request for Put Key:3 Value: to server 3
2016/11/07 11:19:29 [clerk:4] kvraft.(*Clerk).PutAppend Request for Put Key:3 Value: to server 0
2016/11/07 11:19:29 [clerk:5] kvraft.(*Clerk).PutAppend Request for Put Key:2 Value: to server 2
2016/11/07 11:19:29 [clerk:2] kvraft.(*Clerk).PutAppend Request for Put Key:1 Value: to server 0
2016/11/07 11:19:29 [clerk:3] kvraft.(*Clerk).PutAppend PutAppend() failed.
2016/11/07 11:19:29 [clerk:3] kvraft.(*Clerk).PutAppend Request for Put Key:0 Value: to server 4
2016/11/07 11:19:29 [clerk:4] kvraft.(*Clerk).PutAppend Request for Put Key:3 Value: to server 3
2016/11/07 11:19:29 [clerk:2] kvraft.(*Clerk).PutAppend PutAppend() failed.
2016/11/07 11:19:29 [clerk:2] kvraft.(*Clerk).PutAppend Request for Put Key:1 Value: to server 1
2016/11/07 11:19:29 [clerk:1] kvraft.(*Clerk).PutAppend PutAppend() failed.
2016/11/07 11:19:29 [clerk:1] kvraft.(*Clerk).PutAppend Request for Put Key:4 Value: to server 2
2016/11/07 11:19:29 [clerk:1] kvraft.(*Clerk).PutAppend Request for Put Key:4 Value: to server 4
2016/11/07 11:19:29 [clerk:5] kvraft.(*Clerk).PutAppend Request for Put Key:2 Value: to server 1
2016/11/07 11:19:29 [clerk:3] kvraft.(*Clerk).PutAppend Request for Put Key:0 Value: to server 0
2016/11/07 11:19:29 [clerk:1] kvraft.(*Clerk).PutAppend Request for Put Key:4 Value: to server 0
2016/11/07 11:19:29 [clerk:2] kvraft.(*Clerk).PutAppend PutAppend() failed.
2016/11/07 11:19:29 [clerk:2] kvraft.(*Clerk).PutAppend Request for Put Key:1 Value: to server 4
2016/11/07 11:19:29 [clerk:5] kvraft.(*Clerk).PutAppend Request for Put Key:2 Value: to server 0
2016/11/07 11:19:29 [clerk:2] kvraft.(*Clerk).PutAppend Request for Put Key:1 Value: to server 1
2016/11/07 11:19:29 [clerk:2] kvraft.(*Clerk).PutAppend Request for Put Key:1 Value: to server 2
2016/11/07 11:19:29 [clerk:5] kvraft.(*Clerk).PutAppend PutAppend() failed.
2016/11/07 11:19:29 [clerk:5] kvraft.(*Clerk).PutAppend Request for Put Key:2 Value: to server 0
2016/11/07 11:19:29 [clerk:2] kvraft.(*Clerk).PutAppend Request for Put Key:1 Value: to server 1
2016/11/07 11:19:29 [clerk:2] kvraft.(*Clerk).PutAppend Request for Put Key:1 Value: to server 4
2016/11/07 11:19:29 [clerk:2] kvraft.(*Clerk).PutAppend Request for Put Key:1 Value: to server 3
2016/11/07 11:19:29 [kvserv:1] kvraft.(*RaftKV).ApplyChannelHandler State[3] = 
2016/11/07 11:19:29 [kvserv:1] kvraft.(*RaftKV).ApplyChannelHandler State[4] = 
2016/11/07 11:19:29 [kvserv:1] kvraft.(*RaftKV).ApplyChannelHandler State[0] = 
2016/11/07 11:19:29 [kvserv:1] kvraft.(*RaftKV).ApplyChannelHandler State[2] = 
2016/11/07 11:19:29 [kvserv:1] kvraft.(*RaftKV).ApplyChannelHandler State[1] = 
2016/11/07 11:19:29 [clerk:2] kvraft.(*Clerk).PutAppend Put successful!
2016/11/07 11:19:29 [clerk:2] kvraft.(*Clerk).PutAppend Request for Append Key:1 Value:x 1 0 y to server 3
2016/11/07 11:19:29 [clerk:5] kvraft.(*Clerk).PutAppend PutAppend() failed.
2016/11/07 11:19:29 [clerk:5] kvraft.(*Clerk).PutAppend Request for Put Key:2 Value: to server 0
2016/11/07 11:19:29 [clerk:4] kvraft.(*Clerk).PutAppend PutAppend() failed.
2016/11/07 11:19:29 [clerk:4] kvraft.(*Clerk).PutAppend Request for Put Key:3 Value: to server 3
2016/11/07 11:19:29 [clerk:1] kvraft.(*Clerk).PutAppend Put successful!
2016/11/07 11:19:29 [clerk:1] kvraft.(*Clerk).Get Request for Get Key:4 to server 0
2016/11/07 11:19:29 [clerk:3] kvraft.(*Clerk).PutAppend Put successful!
2016/11/07 11:19:29 [clerk:3] kvraft.(*Clerk).PutAppend Request for Append Key:0 Value:x 0 0 y to server 0
2016/11/07 11:19:29 [clerk:4] kvraft.(*Clerk).PutAppend Put successful!
2016/11/07 11:19:29 [clerk:4] kvraft.(*Clerk).Get Request for Get Key:3 to server 3
2016/11/07 11:19:29 [clerk:5] kvraft.(*Clerk).PutAppend Put successful!
2016/11/07 11:19:29 [clerk:5] kvraft.(*Clerk).Get Request for Get Key:2 to server 0
2016/11/07 11:19:30 [kvserv:0] kvraft.(*RaftKV).ApplyChannelHandler State[3] = 
2016/11/07 11:19:30 [kvserv:3] kvraft.(*RaftKV).ApplyChannelHandler State[3] = 
2016/11/07 11:19:30 [kvserv:3] kvraft.(*RaftKV).ApplyChannelHandler State[4] = 
2016/11/07 11:19:30 [kvserv:3] kvraft.(*RaftKV).ApplyChannelHandler State[0] = 
2016/11/07 11:19:30 [kvserv:3] kvraft.(*RaftKV).ApplyChannelHandler State[2] = 
2016/11/07 11:19:30 [kvserv:3] kvraft.(*RaftKV).ApplyChannelHandler State[1] = 
2016/11/07 11:19:30 [kvserv:2] kvraft.(*RaftKV).ApplyChannelHandler State[3] = 
2016/11/07 11:19:30 [kvserv:2] kvraft.(*RaftKV).ApplyChannelHandler State[4] = 
2016/11/07 11:19:30 [kvserv:2] kvraft.(*RaftKV).ApplyChannelHandler State[0] = 
2016/11/07 11:19:30 [kvserv:2] kvraft.(*RaftKV).ApplyChannelHandler State[2] = 
2016/11/07 11:19:30 [kvserv:2] kvraft.(*RaftKV).ApplyChannelHandler State[1] = 
2016/11/07 11:19:30 [kvserv:0] kvraft.(*RaftKV).ApplyChannelHandler State[4] = 
2016/11/07 11:19:30 [kvserv:0] kvraft.(*RaftKV).ApplyChannelHandler State[0] = 
2016/11/07 11:19:30 [kvserv:0] kvraft.(*RaftKV).ApplyChannelHandler State[2] = 
2016/11/07 11:19:30 [kvserv:0] kvraft.(*RaftKV).ApplyChannelHandler State[1] = 
2016/11/07 11:19:30 [kvserv:1] kvraft.(*RaftKV).ApplyChannelHandler State[1] = x 1 0 y
2016/11/07 11:19:30 [kvserv:1] kvraft.(*RaftKV).ApplyChannelHandler State[0] = x 0 0 y
2016/11/07 11:19:30 [kvserv:1] kvraft.(*RaftKV).Get State[4] = 
2016/11/07 11:19:30 [clerk:1] kvraft.(*Clerk).Get Get(): Key:4, Value: successful!
2016/11/07 11:19:30 [clerk:1] kvraft.(*Clerk).Get Request for Get Key:4 to server 0
2016/11/07 11:19:30 [kvserv:1] kvraft.(*RaftKV).Get State[3] = 
2016/11/07 11:19:30 [kvserv:1] kvraft.(*RaftKV).Get State[2] = 
2016/11/07 11:19:30 [clerk:5] kvraft.(*Clerk).Get Get() failed.
2016/11/07 11:19:30 [clerk:5] kvraft.(*Clerk).Get Request for Get Key:2 to server 3
2016/11/07 11:19:30 [clerk:4] kvraft.(*Clerk).Get Get(): Key:3, Value: successful!
2016/11/07 11:19:30 [clerk:4] kvraft.(*Clerk).Get Request for Get Key:3 to server 3
2016/11/07 11:19:30 [clerk:3] kvraft.(*Clerk).PutAppend Append successful!
2016/11/07 11:19:30 [clerk:3] kvraft.(*Clerk).Get Request for Get Key:0 to server 0
2016/11/07 11:19:30 [clerk:2] kvraft.(*Clerk).PutAppend Append successful!
2016/11/07 11:19:30 [clerk:2] kvraft.(*Clerk).PutAppend Request for Append Key:1 Value:x 1 1 y to server 3
2016/11/07 11:19:30 [clerk:5] kvraft.(*Clerk).Get Request for Get Key:2 to server 2
2016/11/07 11:19:30 [kvserv:4] kvraft.(*RaftKV).ApplyChannelHandler State[3] = 
2016/11/07 11:19:30 [kvserv:4] kvraft.(*RaftKV).ApplyChannelHandler State[4] = 
2016/11/07 11:19:30 [kvserv:4] kvraft.(*RaftKV).ApplyChannelHandler State[0] = 
2016/11/07 11:19:30 [kvserv:4] kvraft.(*RaftKV).ApplyChannelHandler State[2] = 
2016/11/07 11:19:30 [kvserv:4] kvraft.(*RaftKV).ApplyChannelHandler State[1] = 
2016/11/07 11:19:30 [clerk:5] kvraft.(*Clerk).Get Request for Get Key:2 to server 4
2016/11/07 11:19:30 [clerk:5] kvraft.(*Clerk).Get Get() failed.
2016/11/07 11:19:30 [clerk:5] kvraft.(*Clerk).Get Request for Get Key:2 to server 3
2016/11/07 11:19:30 [clerk:5] kvraft.(*Clerk).Get Request for Get Key:2 to server 3
2016/11/07 11:19:30 [clerk:5] kvraft.(*Clerk).Get Request for Get Key:2 to server 3
2016/11/07 11:19:30 [clerk:5] kvraft.(*Clerk).Get Get() failed.
2016/11/07 11:19:30 [clerk:5] kvraft.(*Clerk).Get Request for Get Key:2 to server 2
2016/11/07 11:19:30 [clerk:5] kvraft.(*Clerk).Get Request for Get Key:2 to server 0
2016/11/07 11:19:30 [kvserv:0] kvraft.(*RaftKV).ApplyChannelHandler State[1] = x 1 0 y
2016/11/07 11:19:30 [kvserv:0] kvraft.(*RaftKV).ApplyChannelHandler State[0] = x 0 0 y
2016/11/07 11:19:30 [kvserv:2] kvraft.(*RaftKV).ApplyChannelHandler State[1] = x 1 0 y
2016/11/07 11:19:30 [kvserv:3] kvraft.(*RaftKV).ApplyChannelHandler State[1] = x 1 0 y
2016/11/07 11:19:30 [kvserv:1] kvraft.(*RaftKV).ApplyChannelHandler State[1] = x 1 0 yx 1 1 y
2016/11/07 11:19:30 [kvserv:1] kvraft.(*RaftKV).Get State[3] = 
2016/11/07 11:19:30 [kvserv:3] kvraft.(*RaftKV).ApplyChannelHandler State[0] = x 0 0 y
2016/11/07 11:19:30 [clerk:4] kvraft.(*Clerk).Get Get(): Key:3, Value: successful!
2016/11/07 11:19:30 [clerk:4] kvraft.(*Clerk).Get Request for Get Key:3 to server 3
2016/11/07 11:19:30 [kvserv:1] kvraft.(*RaftKV).Get State[0] = x 0 0 y
2016/11/07 11:19:30 [kvserv:1] kvraft.(*RaftKV).Get State[4] = 
2016/11/07 11:19:30 [clerk:3] kvraft.(*Clerk).Get Get(): Key:0, Value:x 0 0 y successful!
2016/11/07 11:19:30 [clerk:3] kvraft.(*Clerk).Get Request for Get Key:0 to server 0
2016/11/07 11:19:30 [clerk:2] kvraft.(*Clerk).PutAppend Append successful!
2016/11/07 11:19:30 [clerk:2] kvraft.(*Clerk).Get Request for Get Key:1 to server 3
2016/11/07 11:19:30 [clerk:1] kvraft.(*Clerk).Get Get(): Key:4, Value: successful!
2016/11/07 11:19:30 [clerk:1] kvraft.(*Clerk).Get Request for Get Key:4 to server 0
2016/11/07 11:19:30 [clerk:5] kvraft.(*Clerk).Get Get(): Key:2, Value: successful!
2016/11/07 11:19:30 [clerk:5] kvraft.(*Clerk).PutAppend Request for Append Key:2 Value:x 2 0 y to server 0
2016/11/07 11:19:30 [kvserv:4] kvraft.(*RaftKV).ApplyChannelHandler State[1] = x 1 0 y
2016/11/07 11:19:30 [kvserv:4] kvraft.(*RaftKV).ApplyChannelHandler State[0] = x 0 0 y
2016/11/07 11:19:30 [kvserv:4] kvraft.(*RaftKV).ApplyChannelHandler State[1] = x 1 0 yx 1 1 y
2016/11/07 11:19:30 [kvserv:1] kvraft.(*RaftKV).ApplyChannelHandler State[2] = x 2 0 y
2016/11/07 11:19:30 [kvserv:3] kvraft.(*RaftKV).ApplyChannelHandler State[1] = x 1 0 yx 1 1 y
2016/11/07 11:19:30 [kvserv:1] kvraft.(*RaftKV).Get State[1] = x 1 0 yx 1 1 y
2016/11/07 11:19:30 [clerk:2] kvraft.(*Clerk).Get Get(): Key:1, Value:x 1 0 yx 1 1 y successful!
2016/11/07 11:19:30 [clerk:2] kvraft.(*Clerk).Get Request for Get Key:1 to server 3
2016/11/07 11:19:30 [kvserv:1] kvraft.(*RaftKV).Get State[4] = 
2016/11/07 11:19:30 [clerk:1] kvraft.(*Clerk).Get Get(): Key:4, Value: successful!
2016/11/07 11:19:30 [clerk:1] kvraft.(*Clerk).Get Request for Get Key:4 to server 0
2016/11/07 11:19:30 [kvserv:1] kvraft.(*RaftKV).Get State[3] = 
2016/11/07 11:19:30 [kvserv:1] kvraft.(*RaftKV).Get State[0] = x 0 0 y
2016/11/07 11:19:30 [clerk:4] kvraft.(*Clerk).Get Get(): Key:3, Value: successful!
2016/11/07 11:19:30 [clerk:4] kvraft.(*Clerk).PutAppend Request for Append Key:3 Value:x 3 0 y to server 3
2016/11/07 11:19:30 [clerk:5] kvraft.(*Clerk).PutAppend Append successful!
2016/11/07 11:19:30 [clerk:5] kvraft.(*Clerk).PutAppend Request for Append Key:2 Value:x 2 1 y to server 0
2016/11/07 11:19:30 [clerk:3] kvraft.(*Clerk).Get Get(): Key:0, Value:x 0 0 y successful!
2016/11/07 11:19:30 [clerk:3] kvraft.(*Clerk).PutAppend Request for Append Key:0 Value:x 0 1 y to server 0
2016/11/07 11:19:30 [kvserv:0] kvraft.(*RaftKV).ApplyChannelHandler State[1] = x 1 0 yx 1 1 y
2016/11/07 11:19:30 [kvserv:2] kvraft.(*RaftKV).ApplyChannelHandler State[0] = x 0 0 y
2016/11/07 11:19:30 [kvserv:4] kvraft.(*RaftKV).ApplyChannelHandler State[2] = x 2 0 y
2016/11/07 11:19:30 [kvserv:2] kvraft.(*RaftKV).ApplyChannelHandler State[1] = x 1 0 yx 1 1 y
2016/11/07 11:19:30 [kvserv:2] kvraft.(*RaftKV).ApplyChannelHandler State[2] = x 2 0 y
2016/11/07 11:19:30 [kvserv:1] kvraft.(*RaftKV).ApplyChannelHandler State[2] = x 2 0 yx 2 1 y
2016/11/07 11:19:30 [kvserv:1] kvraft.(*RaftKV).ApplyChannelHandler State[3] = x 3 0 y
2016/11/07 11:19:30 [kvserv:1] kvraft.(*RaftKV).ApplyChannelHandler State[0] = x 0 0 yx 0 1 y
2016/11/07 11:19:30 [kvserv:1] kvraft.(*RaftKV).Get State[1] = x 1 0 yx 1 1 y
2016/11/07 11:19:30 [kvserv:1] kvraft.(*RaftKV).Get State[4] = 
2016/11/07 11:19:30 [clerk:3] kvraft.(*Clerk).PutAppend Append successful!
2016/11/07 11:19:30 [clerk:3] kvraft.(*Clerk).Get Request for Get Key:0 to server 0
2016/11/07 11:19:30 [clerk:2] kvraft.(*Clerk).Get Get(): Key:1, Value:x 1 0 yx 1 1 y successful!
2016/11/07 11:19:30 [clerk:2] kvraft.(*Clerk).Get Request for Get Key:1 to server 3
2016/11/07 11:19:30 [clerk:5] kvraft.(*Clerk).PutAppend Append successful!
2016/11/07 11:19:30 [clerk:4] kvraft.(*Clerk).PutAppend Append successful!
2016/11/07 11:19:30 [clerk:1] kvraft.(*Clerk).Get Get(): Key:4, Value: successful!
2016/11/07 11:19:30 [clerk:1] kvraft.(*Clerk).Get Request for Get Key:4 to server 0
2016/11/07 11:19:30 [clerk:4] kvraft.(*Clerk).PutAppend Request for Append Key:3 Value:x 3 1 y to server 3
2016/11/07 11:19:30 [clerk:5] kvraft.(*Clerk).Get Request for Get Key:2 to server 0
2016/11/07 11:19:30 [kvserv:0] kvraft.(*RaftKV).ApplyChannelHandler State[2] = x 2 0 y
2016/11/07 11:19:30 [kvserv:3] kvraft.(*RaftKV).ApplyChannelHandler State[2] = x 2 0 y
2016/11/07 11:19:30 [kvserv:4] kvraft.(*RaftKV).ApplyChannelHandler State[2] = x 2 0 yx 2 1 y
2016/11/07 11:19:30 [kvserv:4] kvraft.(*RaftKV).ApplyChannelHandler State[3] = x 3 0 y
2016/11/07 11:19:30 [kvserv:4] kvraft.(*RaftKV).ApplyChannelHandler State[0] = x 0 0 yx 0 1 y
2016/11/07 11:19:30 [kvserv:0] kvraft.(*RaftKV).ApplyChannelHandler State[2] = x 2 0 yx 2 1 y
2016/11/07 11:19:30 [kvserv:0] kvraft.(*RaftKV).ApplyChannelHandler State[3] = x 3 0 y
2016/11/07 11:19:30 [kvserv:1] kvraft.(*RaftKV).Get State[0] = x 0 0 yx 0 1 y
2016/11/07 11:19:30 [kvserv:2] kvraft.(*RaftKV).ApplyChannelHandler State[2] = x 2 0 yx 2 1 y
2016/11/07 11:19:30 [kvserv:2] kvraft.(*RaftKV).ApplyChannelHandler State[3] = x 3 0 y
2016/11/07 11:19:30 [clerk:3] kvraft.(*Clerk).Get Get() failed.
2016/11/07 11:19:30 [clerk:3] kvraft.(*Clerk).Get Request for Get Key:0 to server 4
2016/11/07 11:19:30 [kvserv:0] kvraft.(*RaftKV).ApplyChannelHandler State[0] = x 0 0 yx 0 1 y
2016/11/07 11:19:30 [kvserv:1] kvraft.(*RaftKV).ApplyChannelHandler State[3] = x 3 0 yx 3 1 y
2016/11/07 11:19:30 [kvserv:1] kvraft.(*RaftKV).Get State[1] = x 1 0 yx 1 1 y
2016/11/07 11:19:30 [clerk:4] kvraft.(*Clerk).PutAppend Append successful!
2016/11/07 11:19:30 [clerk:4] kvraft.(*Clerk).Get Request for Get Key:3 to server 3
2016/11/07 11:19:30 [kvserv:2] kvraft.(*RaftKV).ApplyChannelHandler State[0] = x 0 0 yx 0 1 y
2016/11/07 11:19:30 [clerk:2] kvraft.(*Clerk).Get Get(): Key:1, Value:x 1 0 yx 1 1 y successful!
2016/11/07 11:19:30 [clerk:2] kvraft.(*Clerk).PutAppend Request for Append Key:1 Value:x 1 2 y to server 3
2016/11/07 11:19:30 [kvserv:1] kvraft.(*RaftKV).Get State[4] = 
2016/11/07 11:19:30 [kvserv:1] kvraft.(*RaftKV).Get State[2] = x 2 0 yx 2 1 y
2016/11/07 11:19:30 [clerk:1] kvraft.(*Clerk).Get Get(): Key:4, Value: successful!
2016/11/07 11:19:30 [clerk:1] kvraft.(*Clerk).PutAppend Request for Append Key:4 Value:x 4 0 y to server 0
2016/11/07 11:19:30 [clerk:5] kvraft.(*Clerk).Get Get(): Key:2, Value:x 2 0 yx 2 1 y successful!
2016/11/07 11:19:30 [clerk:5] kvraft.(*Clerk).Get Request for Get Key:2 to server 0
2016/11/07 11:19:30 [clerk:3] kvraft.(*Clerk).Get Request for Get Key:0 to server 3
2016/11/07 11:19:30 [clerk:3] kvraft.(*Clerk).Get Request for Get Key:0 to server 0
2016/11/07 11:19:30 [clerk:3] kvraft.(*Clerk).Get Get(): Key:0, Value: successful!
2016/11/07 11:19:30 get wrong value, key 0, wanted:
x 0 0 yx 0 1 y
, got

